This file contains any messages produced by compilers while
running configure, to aid debugging if configure makes a mistake.

It was created by FarmHash configure 1.1.0, which was
generated by GNU Autoconf 2.69.  Invocation command line was

  $ ./configure CXXFLAGS=-g -mavx -maes -O3

## --------- ##
## Platform. ##
## --------- ##

hostname = Ludovics-MacBook-Pro.local
uname -m = x86_64
uname -r = 17.7.0
uname -s = Darwin
uname -v = Darwin Kernel Version 17.7.0: Thu Jun 21 22:53:14 PDT 2018; root:xnu-4570.71.2~1/RELEASE_X86_64

/usr/bin/uname -p = i386
/bin/uname -X     = unknown

/bin/arch              = unknown
/usr/bin/arch -k       = unknown
/usr/convex/getsysinfo = unknown
/usr/bin/hostinfo      = Mach kernel version:
	 Darwin Kernel Version 17.7.0: Thu Jun 21 22:53:14 PDT 2018; root:xnu-4570.71.2~1/RELEASE_X86_64
Kernel configured for up to 8 processors.
4 processors are physically available.
8 processors are logically available.
Processor type: x86_64h (Intel x86-64h Haswell)
Processors active: 0 1 2 3 4 5 6 7
Primary memory available: 16.00 gigabytes
Default processor set: 420 tasks, 1598 threads, 8 processors
Load average: 1.41, Mach factor: 6.58
/bin/machine           = unknown
/usr/bin/oslevel       = unknown
/bin/universe          = unknown

PATH: /opt/pgi/osx86-64/18.4/bin
PATH: /opt/pgi/osx86-64/17.10/bin
PATH: /anaconda3/bin
PATH: /usr/local/bin
PATH: /usr/bin
PATH: /bin
PATH: /usr/sbin
PATH: /sbin
PATH: /Applications/Wireshark.app/Contents/MacOS


## ----------- ##
## Core tests. ##
## ----------- ##

configure:2439: checking for a BSD-compatible install
configure:2507: result: /usr/bin/install -c
configure:2518: checking whether build environment is sane
configure:2573: result: yes
configure:2611: WARNING: 'missing' script is too old or missing
configure:2724: checking for a thread-safe mkdir -p
configure:2763: result: ./install-sh -c -d
configure:2770: checking for gawk
configure:2800: result: no
configure:2770: checking for mawk
configure:2800: result: no
configure:2770: checking for nawk
configure:2800: result: no
configure:2770: checking for awk
configure:2786: found /usr/bin/awk
configure:2797: result: awk
configure:2808: checking whether make sets $(MAKE)
configure:2830: result: yes
configure:2859: checking whether make supports nested variables
configure:2876: result: yes
configure:3022: checking build system type
configure:3036: result: x86_64-apple-darwin17.7.0
configure:3056: checking host system type
configure:3069: result: x86_64-apple-darwin17.7.0
configure:3110: checking how to print strings
configure:3137: result: printf
configure:3170: checking for style of include used by make
configure:3198: result: GNU
configure:3269: checking for gcc
configure:3285: found /usr/bin/gcc
configure:3296: result: gcc
configure:3525: checking for C compiler version
configure:3534: gcc --version >&5
Apple LLVM version 9.1.0 (clang-902.0.39.2)
Target: x86_64-apple-darwin17.7.0
Thread model: posix
InstalledDir: /Applications/Xcode.app/Contents/Developer/Toolchains/XcodeDefault.xctoolchain/usr/bin
Configured with: --prefix=/Applications/Xcode.app/Contents/Developer/usr --with-gxx-include-dir=/usr/include/c++/4.2.1
configure:3545: $? = 0
configure:3534: gcc -v >&5
Configured with: --prefix=/Applications/Xcode.app/Contents/Developer/usr --with-gxx-include-dir=/usr/include/c++/4.2.1
Apple LLVM version 9.1.0 (clang-902.0.39.2)
Target: x86_64-apple-darwin17.7.0
Thread model: posix
InstalledDir: /Applications/Xcode.app/Contents/Developer/Toolchains/XcodeDefault.xctoolchain/usr/bin
configure:3545: $? = 0
configure:3534: gcc -V >&5
clang: error: argument to '-V' is missing (expected 1 value)
clang: error: no input files
configure:3545: $? = 1
configure:3534: gcc -qversion >&5
clang: error: unknown argument: '-qversion'
clang: error: no input files
configure:3545: $? = 1
configure:3565: checking whether the C compiler works
configure:3587: gcc    conftest.c  >&5
configure:3591: $? = 0
configure:3639: result: yes
configure:3642: checking for C compiler default output file name
configure:3644: result: a.out
configure:3650: checking for suffix of executables
configure:3657: gcc -o conftest    conftest.c  >&5
configure:3661: $? = 0
configure:3683: result: 
configure:3705: checking whether we are cross compiling
configure:3713: gcc -o conftest    conftest.c  >&5
configure:3717: $? = 0
configure:3724: ./conftest
configure:3728: $? = 0
configure:3743: result: no
configure:3748: checking for suffix of object files
configure:3770: gcc -c   conftest.c >&5
configure:3774: $? = 0
configure:3795: result: o
configure:3799: checking whether we are using the GNU C compiler
configure:3818: gcc -c   conftest.c >&5
configure:3818: $? = 0
configure:3827: result: yes
configure:3836: checking whether gcc accepts -g
configure:3856: gcc -c -g  conftest.c >&5
configure:3856: $? = 0
configure:3897: result: yes
configure:3914: checking for gcc option to accept ISO C89
configure:3977: gcc  -c -g -O2  conftest.c >&5
configure:3977: $? = 0
configure:3990: result: none needed
configure:4015: checking whether gcc understands -c and -o together
configure:4037: gcc -c conftest.c -o conftest2.o
configure:4040: $? = 0
configure:4037: gcc -c conftest.c -o conftest2.o
configure:4040: $? = 0
configure:4052: result: yes
configure:4071: checking dependency style of gcc
configure:4182: result: gcc3
configure:4197: checking for a sed that does not truncate output
configure:4261: result: /usr/bin/sed
configure:4279: checking for grep that handles long lines and -e
configure:4337: result: /usr/bin/grep
configure:4342: checking for egrep
configure:4404: result: /usr/bin/grep -E
configure:4409: checking for fgrep
configure:4471: result: /usr/bin/grep -F
configure:4506: checking for ld used by gcc
configure:4573: result: /Applications/Xcode.app/Contents/Developer/Toolchains/XcodeDefault.xctoolchain/usr/bin/ld
configure:4580: checking if the linker (/Applications/Xcode.app/Contents/Developer/Toolchains/XcodeDefault.xctoolchain/usr/bin/ld) is GNU ld
configure:4595: result: no
configure:4607: checking for BSD- or MS-compatible name lister (nm)
configure:4656: result: /usr/bin/nm -B
configure:4786: checking the name lister (/usr/bin/nm -B) interface
configure:4793: gcc -c -g -O2  conftest.c >&5
configure:4796: /usr/bin/nm -B "conftest.o"
configure:4799: output
00000000000001e8 S _some_variable
configure:4806: result: BSD nm
configure:4809: checking whether ln -s works
configure:4813: result: yes
configure:4821: checking the maximum length of command line arguments
configure:4946: result: 196608
configure:4963: checking whether the shell understands some XSI constructs
configure:4973: result: yes
configure:4977: checking whether the shell understands "+="
configure:4983: result: yes
configure:5018: checking how to convert x86_64-apple-darwin17.7.0 file names to x86_64-apple-darwin17.7.0 format
configure:5058: result: func_convert_file_noop
configure:5065: checking how to convert x86_64-apple-darwin17.7.0 file names to toolchain format
configure:5085: result: func_convert_file_noop
configure:5092: checking for /Applications/Xcode.app/Contents/Developer/Toolchains/XcodeDefault.xctoolchain/usr/bin/ld option to reload object files
configure:5099: result: -r
configure:5173: checking for objdump
configure:5189: found /usr/bin/objdump
configure:5200: result: objdump
configure:5232: checking how to recognize dependent libraries
configure:5434: result: pass_all
configure:5519: checking for dlltool
configure:5549: result: no
configure:5579: checking how to associate runtime and link libraries
configure:5606: result: printf %s\n
configure:5667: checking for ar
configure:5683: found /usr/bin/ar
configure:5694: result: ar
configure:5731: checking for archiver @FILE support
configure:5748: gcc -c -g -O2  conftest.c >&5
configure:5748: $? = 0
configure:5751: ar cru libconftest.a @conftest.lst >&5
ar: @conftest.lst: No such file or directory
configure:5754: $? = 1
configure:5774: result: no
configure:5832: checking for strip
configure:5848: found /usr/bin/strip
configure:5859: result: strip
configure:5931: checking for ranlib
configure:5947: found /usr/bin/ranlib
configure:5958: result: ranlib
configure:6060: checking command to parse /usr/bin/nm -B output from gcc object
configure:6179: gcc -c -g -O2  conftest.c >&5
configure:6182: $? = 0
configure:6186: /usr/bin/nm -B conftest.o \| sed -n -e 's/^.*[ ]\([BCDEGRST][BCDEGRST]*\)[ ][ ]*\([_A-Za-z][_A-Za-z0-9]*\)$/\1 \2 \2/p' | sed '/ __gnu_lto/d' \> conftest.nm
configure:6189: $? = 0
cannot find nm_test_var in conftest.nm
configure:6179: gcc -c -g -O2  conftest.c >&5
configure:6182: $? = 0
configure:6186: /usr/bin/nm -B conftest.o \| sed -n -e 's/^.*[ ]\([BCDEGRST][BCDEGRST]*\)[ ][ ]*_\([_A-Za-z][_A-Za-z0-9]*\)$/\1 _\2 \2/p' | sed '/ __gnu_lto/d' \> conftest.nm
configure:6189: $? = 0
configure:6255: gcc -o conftest -g -O2   conftest.c conftstm.o >&5
warning: (x86_64)  could not find object file symbol for symbol _main
configure:6258: $? = 0
configure:6296: result: ok
configure:6333: checking for sysroot
configure:6363: result: no
configure:6606: checking for mt
configure:6636: result: no
configure:6656: checking if : is a manifest tool
configure:6662: : '-?'
configure:6670: result: no
configure:6726: checking for dsymutil
configure:6742: found /usr/bin/dsymutil
configure:6753: result: dsymutil
configure:6818: checking for nmedit
configure:6834: found /usr/bin/nmedit
configure:6845: result: nmedit
configure:6910: checking for lipo
configure:6926: found /usr/bin/lipo
configure:6937: result: lipo
configure:7002: checking for otool
configure:7018: found /usr/bin/otool
configure:7029: result: otool
configure:7094: checking for otool64
configure:7124: result: no
configure:7169: checking for -single_module linker flag
gcc -g -O2  -o libconftest.dylib -dynamiclib -Wl,-single_module conftest.c
configure:7196: result: yes
configure:7198: checking for -exported_symbols_list linker flag
configure:7218: gcc -o conftest -g -O2   -Wl,-exported_symbols_list,conftest.sym conftest.c  >&5
configure:7218: $? = 0
configure:7228: result: yes
configure:7230: checking for -force_load linker flag
gcc -g -O2 -c -o conftest.o conftest.c
ar cru libconftest.a conftest.o
ranlib libconftest.a
gcc -g -O2  -o conftest conftest.c -Wl,-force_load,./libconftest.a
warning: (x86_64)  could not find object file symbol for symbol _forced_loaded
configure:7260: result: no
configure:7302: checking how to run the C preprocessor
configure:7333: gcc -E  conftest.c
configure:7333: $? = 0
configure:7347: gcc -E  conftest.c
conftest.c:9:10: fatal error: 'ac_nonexistent.h' file not found
#include <ac_nonexistent.h>
         ^~~~~~~~~~~~~~~~~~
1 error generated.
configure:7347: $? = 1
configure: failed program was:
| /* confdefs.h */
| #define PACKAGE_NAME "FarmHash"
| #define PACKAGE_TARNAME "farmhash"
| #define PACKAGE_VERSION "1.1.0"
| #define PACKAGE_STRING "FarmHash 1.1.0"
| #define PACKAGE_BUGREPORT "farmhash-discuss@googlegroups.com"
| #define PACKAGE_URL ""
| /* end confdefs.h.  */
| #include <ac_nonexistent.h>
configure:7372: result: gcc -E
configure:7392: gcc -E  conftest.c
configure:7392: $? = 0
configure:7406: gcc -E  conftest.c
conftest.c:9:10: fatal error: 'ac_nonexistent.h' file not found
#include <ac_nonexistent.h>
         ^~~~~~~~~~~~~~~~~~
1 error generated.
configure:7406: $? = 1
configure: failed program was:
| /* confdefs.h */
| #define PACKAGE_NAME "FarmHash"
| #define PACKAGE_TARNAME "farmhash"
| #define PACKAGE_VERSION "1.1.0"
| #define PACKAGE_STRING "FarmHash 1.1.0"
| #define PACKAGE_BUGREPORT "farmhash-discuss@googlegroups.com"
| #define PACKAGE_URL ""
| /* end confdefs.h.  */
| #include <ac_nonexistent.h>
configure:7435: checking for ANSI C header files
configure:7455: gcc -c -g -O2  conftest.c >&5
configure:7455: $? = 0
configure:7528: gcc -o conftest -g -O2   conftest.c  >&5
configure:7528: $? = 0
configure:7528: ./conftest
configure:7528: $? = 0
configure:7539: result: yes
configure:7552: checking for sys/types.h
configure:7552: gcc -c -g -O2  conftest.c >&5
configure:7552: $? = 0
configure:7552: result: yes
configure:7552: checking for sys/stat.h
configure:7552: gcc -c -g -O2  conftest.c >&5
configure:7552: $? = 0
configure:7552: result: yes
configure:7552: checking for stdlib.h
configure:7552: gcc -c -g -O2  conftest.c >&5
configure:7552: $? = 0
configure:7552: result: yes
configure:7552: checking for string.h
configure:7552: gcc -c -g -O2  conftest.c >&5
configure:7552: $? = 0
configure:7552: result: yes
configure:7552: checking for memory.h
configure:7552: gcc -c -g -O2  conftest.c >&5
configure:7552: $? = 0
configure:7552: result: yes
configure:7552: checking for strings.h
configure:7552: gcc -c -g -O2  conftest.c >&5
configure:7552: $? = 0
configure:7552: result: yes
configure:7552: checking for inttypes.h
configure:7552: gcc -c -g -O2  conftest.c >&5
configure:7552: $? = 0
configure:7552: result: yes
configure:7552: checking for stdint.h
configure:7552: gcc -c -g -O2  conftest.c >&5
configure:7552: $? = 0
configure:7552: result: yes
configure:7552: checking for unistd.h
configure:7552: gcc -c -g -O2  conftest.c >&5
configure:7552: $? = 0
configure:7552: result: yes
configure:7566: checking for dlfcn.h
configure:7566: gcc -c -g -O2  conftest.c >&5
configure:7566: $? = 0
configure:7566: result: yes
configure:7753: checking for objdir
configure:7768: result: .libs
configure:8039: checking if gcc supports -fno-rtti -fno-exceptions
configure:8057: gcc -c -g -O2  -fno-rtti -fno-exceptions conftest.c >&5
configure:8061: $? = 0
configure:8074: result: yes
configure:8384: checking for gcc option to produce PIC
configure:8391: result: -fno-common -DPIC
configure:8399: checking if gcc PIC flag -fno-common -DPIC works
configure:8417: gcc -c -g -O2  -fno-common -DPIC -DPIC conftest.c >&5
configure:8421: $? = 0
configure:8434: result: yes
configure:8463: checking if gcc static flag -static works
configure:8491: result: no
configure:8506: checking if gcc supports -c -o file.o
configure:8527: gcc -c -g -O2  -o out/conftest2.o conftest.c >&5
configure:8531: $? = 0
configure:8553: result: yes
configure:8561: checking if gcc supports -c -o file.o
configure:8608: result: yes
configure:8641: checking whether the gcc linker (/Applications/Xcode.app/Contents/Developer/Toolchains/XcodeDefault.xctoolchain/usr/bin/ld) supports shared libraries
configure:9799: result: yes
configure:10044: checking dynamic linker characteristics
configure:10780: result: darwin17.7.0 dyld
configure:10887: checking how to hardcode library paths into programs
configure:10912: result: immediate
configure:11452: checking whether stripping libraries is possible
configure:11466: result: yes
configure:11492: checking if libtool supports shared libraries
configure:11494: result: yes
configure:11497: checking whether to build shared libraries
configure:11518: result: yes
configure:11521: checking whether to build static libraries
configure:11525: result: yes
configure:11653: checking for g++
configure:11669: found /usr/bin/g++
configure:11680: result: g++
configure:11707: checking for C++ compiler version
configure:11716: g++ --version >&5
Apple LLVM version 9.1.0 (clang-902.0.39.2)
Target: x86_64-apple-darwin17.7.0
Thread model: posix
InstalledDir: /Applications/Xcode.app/Contents/Developer/Toolchains/XcodeDefault.xctoolchain/usr/bin
Configured with: --prefix=/Applications/Xcode.app/Contents/Developer/usr --with-gxx-include-dir=/usr/include/c++/4.2.1
configure:11727: $? = 0
configure:11716: g++ -v >&5
Configured with: --prefix=/Applications/Xcode.app/Contents/Developer/usr --with-gxx-include-dir=/usr/include/c++/4.2.1
Apple LLVM version 9.1.0 (clang-902.0.39.2)
Target: x86_64-apple-darwin17.7.0
Thread model: posix
InstalledDir: /Applications/Xcode.app/Contents/Developer/Toolchains/XcodeDefault.xctoolchain/usr/bin
configure:11727: $? = 0
configure:11716: g++ -V >&5
clang: error: argument to '-V' is missing (expected 1 value)
clang: error: no input files
configure:11727: $? = 1
configure:11716: g++ -qversion >&5
clang: error: unknown argument: '-qversion'
clang: error: no input files
configure:11727: $? = 1
configure:11731: checking whether we are using the GNU C++ compiler
configure:11750: g++ -c -g -mavx -maes -O3  conftest.cpp >&5
configure:11750: $? = 0
configure:11759: result: yes
configure:11768: checking whether g++ accepts -g
configure:11788: g++ -c -g  conftest.cpp >&5
configure:11788: $? = 0
configure:11829: result: yes
configure:11854: checking dependency style of g++
configure:11965: result: gcc3
configure:11998: checking how to run the C++ preprocessor
configure:12025: g++ -E  conftest.cpp
configure:12025: $? = 0
configure:12039: g++ -E  conftest.cpp
conftest.cpp:21:10: fatal error: 'ac_nonexistent.h' file not found
#include <ac_nonexistent.h>
         ^~~~~~~~~~~~~~~~~~
1 error generated.
configure:12039: $? = 1
configure: failed program was:
| /* confdefs.h */
| #define PACKAGE_NAME "FarmHash"
| #define PACKAGE_TARNAME "farmhash"
| #define PACKAGE_VERSION "1.1.0"
| #define PACKAGE_STRING "FarmHash 1.1.0"
| #define PACKAGE_BUGREPORT "farmhash-discuss@googlegroups.com"
| #define PACKAGE_URL ""
| #define STDC_HEADERS 1
| #define HAVE_SYS_TYPES_H 1
| #define HAVE_SYS_STAT_H 1
| #define HAVE_STDLIB_H 1
| #define HAVE_STRING_H 1
| #define HAVE_MEMORY_H 1
| #define HAVE_STRINGS_H 1
| #define HAVE_INTTYPES_H 1
| #define HAVE_STDINT_H 1
| #define HAVE_UNISTD_H 1
| #define HAVE_DLFCN_H 1
| #define LT_OBJDIR ".libs/"
| /* end confdefs.h.  */
| #include <ac_nonexistent.h>
configure:12064: result: g++ -E
configure:12084: g++ -E  conftest.cpp
configure:12084: $? = 0
configure:12098: g++ -E  conftest.cpp
conftest.cpp:21:10: fatal error: 'ac_nonexistent.h' file not found
#include <ac_nonexistent.h>
         ^~~~~~~~~~~~~~~~~~
1 error generated.
configure:12098: $? = 1
configure: failed program was:
| /* confdefs.h */
| #define PACKAGE_NAME "FarmHash"
| #define PACKAGE_TARNAME "farmhash"
| #define PACKAGE_VERSION "1.1.0"
| #define PACKAGE_STRING "FarmHash 1.1.0"
| #define PACKAGE_BUGREPORT "farmhash-discuss@googlegroups.com"
| #define PACKAGE_URL ""
| #define STDC_HEADERS 1
| #define HAVE_SYS_TYPES_H 1
| #define HAVE_SYS_STAT_H 1
| #define HAVE_STDLIB_H 1
| #define HAVE_STRING_H 1
| #define HAVE_MEMORY_H 1
| #define HAVE_STRINGS_H 1
| #define HAVE_INTTYPES_H 1
| #define HAVE_STDINT_H 1
| #define HAVE_UNISTD_H 1
| #define HAVE_DLFCN_H 1
| #define LT_OBJDIR ".libs/"
| /* end confdefs.h.  */
| #include <ac_nonexistent.h>
configure:12268: checking for ld used by g++
configure:12335: result: /Applications/Xcode.app/Contents/Developer/Toolchains/XcodeDefault.xctoolchain/usr/bin/ld
configure:12342: checking if the linker (/Applications/Xcode.app/Contents/Developer/Toolchains/XcodeDefault.xctoolchain/usr/bin/ld) is GNU ld
configure:12357: result: no
configure:12412: checking whether the g++ linker (/Applications/Xcode.app/Contents/Developer/Toolchains/XcodeDefault.xctoolchain/usr/bin/ld) supports shared libraries
configure:13416: result: yes
configure:13451: g++ -c -g -mavx -maes -O3  conftest.cpp >&5
configure:13454: $? = 0
configure:13974: checking for g++ option to produce PIC
configure:13981: result: -fno-common -DPIC
configure:13989: checking if g++ PIC flag -fno-common -DPIC works
configure:14007: g++ -c -g -mavx -maes -O3  -fno-common -DPIC -DPIC conftest.cpp >&5
configure:14011: $? = 0
configure:14024: result: yes
configure:14047: checking if g++ static flag -static works
configure:14075: result: no
configure:14087: checking if g++ supports -c -o file.o
configure:14108: g++ -c -g -mavx -maes -O3  -o out/conftest2.o conftest.cpp >&5
configure:14112: $? = 0
configure:14134: result: yes
configure:14139: checking if g++ supports -c -o file.o
configure:14186: result: yes
configure:14216: checking whether the g++ linker (/Applications/Xcode.app/Contents/Developer/Toolchains/XcodeDefault.xctoolchain/usr/bin/ld) supports shared libraries
configure:14250: result: yes
configure:14393: checking dynamic linker characteristics
configure:15063: result: darwin17.7.0 dyld
configure:15116: checking how to hardcode library paths into programs
configure:15141: result: immediate
configure:15187: checking whether byte ordering is bigendian
configure:15202: g++ -c -g -mavx -maes -O3  conftest.cpp >&5
configure:15202: $? = 0
configure:15247: g++ -c -g -mavx -maes -O3  conftest.cpp >&5
configure:15247: $? = 0
configure:15265: g++ -c -g -mavx -maes -O3  conftest.cpp >&5
conftest.cpp:28:11: error: expected ';' after expression
                 not big endian
                        ^
                        ;
conftest.cpp:28:8: error: use of undeclared identifier 'big'
                 not big endian
                     ^
conftest.cpp:28:12: error: use of undeclared identifier 'endian'
                 not big endian
                         ^
3 errors generated.
configure:15265: $? = 1
configure: failed program was:
| /* confdefs.h */
| #define PACKAGE_NAME "FarmHash"
| #define PACKAGE_TARNAME "farmhash"
| #define PACKAGE_VERSION "1.1.0"
| #define PACKAGE_STRING "FarmHash 1.1.0"
| #define PACKAGE_BUGREPORT "farmhash-discuss@googlegroups.com"
| #define PACKAGE_URL ""
| #define STDC_HEADERS 1
| #define HAVE_SYS_TYPES_H 1
| #define HAVE_SYS_STAT_H 1
| #define HAVE_STDLIB_H 1
| #define HAVE_STRING_H 1
| #define HAVE_MEMORY_H 1
| #define HAVE_STRINGS_H 1
| #define HAVE_INTTYPES_H 1
| #define HAVE_STDINT_H 1
| #define HAVE_UNISTD_H 1
| #define HAVE_DLFCN_H 1
| #define LT_OBJDIR ".libs/"
| /* end confdefs.h.  */
| #include <sys/types.h>
| 		#include <sys/param.h>
| 
| int
| main ()
| {
| #if BYTE_ORDER != BIG_ENDIAN
| 		 not big endian
| 		#endif
| 
|   ;
|   return 0;
| }
configure:15393: result: no
configure:15419: checking for stdint.h
configure:15419: result: yes
configure:15419: checking for stdlib.h
configure:15419: result: yes
configure:15439: checking if the compiler supports __builtin_expect
configure:15452: g++ -c -g -mavx -maes -O3  conftest.cpp >&5
configure:15452: $? = 0
configure:15455: result: yes
configure:15473: checking if the compiler supports __builtin_bswap32
configure:15486: g++ -c -g -mavx -maes -O3  conftest.cpp >&5
configure:15486: $? = 0
configure:15489: result: yes
configure:15615: checking that generated files are newer than configure
configure:15621: result: done
configure:15657: creating ./config.status

## ---------------------- ##
## Running config.status. ##
## ---------------------- ##

This file was extended by FarmHash config.status 1.1.0, which was
generated by GNU Autoconf 2.69.  Invocation command line was

  CONFIG_FILES    = 
  CONFIG_HEADERS  = 
  CONFIG_LINKS    = 
  CONFIG_COMMANDS = 
  $ ./config.status 

on Ludovics-MacBook-Pro.local

config.status:1148: creating Makefile
config.status:1148: creating src/Makefile
config.status:1148: creating config.h
config.status:1377: executing depfiles commands
config.status:1377: executing libtool commands

## ---------------- ##
## Cache variables. ##
## ---------------- ##

ac_cv_build=x86_64-apple-darwin17.7.0
ac_cv_c_bigendian=no
ac_cv_c_compiler_gnu=yes
ac_cv_cxx_compiler_gnu=yes
ac_cv_env_CCC_set=
ac_cv_env_CCC_value=
ac_cv_env_CC_set=
ac_cv_env_CC_value=
ac_cv_env_CFLAGS_set=
ac_cv_env_CFLAGS_value=
ac_cv_env_CPPFLAGS_set=
ac_cv_env_CPPFLAGS_value=
ac_cv_env_CPP_set=
ac_cv_env_CPP_value=
ac_cv_env_CXXCPP_set=
ac_cv_env_CXXCPP_value=
ac_cv_env_CXXFLAGS_set=set
ac_cv_env_CXXFLAGS_value='-g -mavx -maes -O3'
ac_cv_env_CXX_set=
ac_cv_env_CXX_value=
ac_cv_env_LDFLAGS_set=
ac_cv_env_LDFLAGS_value=
ac_cv_env_LIBS_set=
ac_cv_env_LIBS_value=
ac_cv_env_build_alias_set=
ac_cv_env_build_alias_value=
ac_cv_env_host_alias_set=
ac_cv_env_host_alias_value=
ac_cv_env_target_alias_set=
ac_cv_env_target_alias_value=
ac_cv_header_dlfcn_h=yes
ac_cv_header_inttypes_h=yes
ac_cv_header_memory_h=yes
ac_cv_header_stdc=yes
ac_cv_header_stdint_h=yes
ac_cv_header_stdlib_h=yes
ac_cv_header_string_h=yes
ac_cv_header_strings_h=yes
ac_cv_header_sys_stat_h=yes
ac_cv_header_sys_types_h=yes
ac_cv_header_unistd_h=yes
ac_cv_host=x86_64-apple-darwin17.7.0
ac_cv_objext=o
ac_cv_path_EGREP='/usr/bin/grep -E'
ac_cv_path_FGREP='/usr/bin/grep -F'
ac_cv_path_GREP=/usr/bin/grep
ac_cv_path_SED=/usr/bin/sed
ac_cv_path_install='/usr/bin/install -c'
ac_cv_prog_AWK=awk
ac_cv_prog_CPP='gcc -E'
ac_cv_prog_CXXCPP='g++ -E'
ac_cv_prog_ac_ct_AR=ar
ac_cv_prog_ac_ct_CC=gcc
ac_cv_prog_ac_ct_CXX=g++
ac_cv_prog_ac_ct_DSYMUTIL=dsymutil
ac_cv_prog_ac_ct_LIPO=lipo
ac_cv_prog_ac_ct_NMEDIT=nmedit
ac_cv_prog_ac_ct_OBJDUMP=objdump
ac_cv_prog_ac_ct_OTOOL=otool
ac_cv_prog_ac_ct_RANLIB=ranlib
ac_cv_prog_ac_ct_STRIP=strip
ac_cv_prog_cc_c89=
ac_cv_prog_cc_g=yes
ac_cv_prog_cxx_g=yes
ac_cv_prog_make_make_set=yes
am_cv_CC_dependencies_compiler_type=gcc3
am_cv_CXX_dependencies_compiler_type=gcc3
am_cv_make_support_nested_variables=yes
am_cv_prog_cc_c_o=yes
lt_cv_apple_cc_single_mod=yes
lt_cv_ar_at_file=no
lt_cv_deplibs_check_method=pass_all
lt_cv_file_magic_cmd='$MAGIC_CMD'
lt_cv_file_magic_test_file=
lt_cv_ld_exported_symbols_list=yes
lt_cv_ld_force_load=no
lt_cv_ld_reload_flag=-r
lt_cv_nm_interface='BSD nm'
lt_cv_objdir=.libs
lt_cv_path_LD=/Applications/Xcode.app/Contents/Developer/Toolchains/XcodeDefault.xctoolchain/usr/bin/ld
lt_cv_path_LDCXX=/Applications/Xcode.app/Contents/Developer/Toolchains/XcodeDefault.xctoolchain/usr/bin/ld
lt_cv_path_NM='/usr/bin/nm -B'
lt_cv_path_mainfest_tool=no
lt_cv_prog_compiler_c_o=yes
lt_cv_prog_compiler_c_o_CXX=yes
lt_cv_prog_compiler_pic='-fno-common -DPIC'
lt_cv_prog_compiler_pic_CXX='-fno-common -DPIC'
lt_cv_prog_compiler_pic_works=yes
lt_cv_prog_compiler_pic_works_CXX=yes
lt_cv_prog_compiler_rtti_exceptions=yes
lt_cv_prog_compiler_static_works=no
lt_cv_prog_compiler_static_works_CXX=no
lt_cv_prog_gnu_ld=no
lt_cv_prog_gnu_ldcxx=no
lt_cv_sharedlib_from_linklib_cmd='printf %s\n'
lt_cv_sys_global_symbol_pipe='sed -n -e '\''s/^.*[	 ]\([BCDEGRST][BCDEGRST]*\)[	 ][	 ]*_\([_A-Za-z][_A-Za-z0-9]*\)$/\1 _\2 \2/p'\'' | sed '\''/ __gnu_lto/d'\'''
lt_cv_sys_global_symbol_to_c_name_address='sed -n -e '\''s/^: \([^ ]*\)[ ]*$/  {\"\1\", (void *) 0},/p'\'' -e '\''s/^[BCDEGRST]* \([^ ]*\) \([^ ]*\)$/  {"\2", (void *) \&\2},/p'\'''
lt_cv_sys_global_symbol_to_c_name_address_lib_prefix='sed -n -e '\''s/^: \([^ ]*\)[ ]*$/  {\"\1\", (void *) 0},/p'\'' -e '\''s/^[BCDEGRST]* \([^ ]*\) \(lib[^ ]*\)$/  {"\2", (void *) \&\2},/p'\'' -e '\''s/^[BCDEGRST]* \([^ ]*\) \([^ ]*\)$/  {"lib\2", (void *) \&\2},/p'\'''
lt_cv_sys_global_symbol_to_cdecl='sed -n -e '\''s/^T .* \(.*\)$/extern int \1();/p'\'' -e '\''s/^[BCDEGRST]* .* \(.*\)$/extern char \1;/p'\'''
lt_cv_sys_max_cmd_len=196608
lt_cv_to_host_file_cmd=func_convert_file_noop
lt_cv_to_tool_file_cmd=func_convert_file_noop

## ----------------- ##
## Output variables. ##
## ----------------- ##

ACLOCAL='aclocal-1.14'
AMDEPBACKSLASH='\'
AMDEP_FALSE='#'
AMDEP_TRUE=''
AMTAR='$${TAR-tar}'
AM_BACKSLASH='\'
AM_DEFAULT_V='$(AM_DEFAULT_VERBOSITY)'
AM_DEFAULT_VERBOSITY='1'
AM_V='$(V)'
AR='ar'
AUTOCONF='autoconf'
AUTOHEADER='autoheader'
AUTOMAKE='automake-1.14'
AWK='awk'
CC='gcc'
CCDEPMODE='depmode=gcc3'
CFLAGS='-g -O2'
CPP='gcc -E'
CPPFLAGS=''
CXX='g++'
CXXCPP='g++ -E'
CXXDEPMODE='depmode=gcc3'
CXXFLAGS='-g -mavx -maes -O3'
CYGPATH_W='echo'
DEFS='-DHAVE_CONFIG_H'
DEPDIR='.deps'
DLLTOOL='false'
DSYMUTIL='dsymutil'
DUMPBIN=''
ECHO_C='\c'
ECHO_N=''
ECHO_T=''
EGREP='/usr/bin/grep -E'
EXEEXT=''
FGREP='/usr/bin/grep -F'
GREP='/usr/bin/grep'
INSTALL_DATA='${INSTALL} -m 644'
INSTALL_PROGRAM='${INSTALL}'
INSTALL_SCRIPT='${INSTALL}'
INSTALL_STRIP_PROGRAM='$(install_sh) -c -s'
LD='/Applications/Xcode.app/Contents/Developer/Toolchains/XcodeDefault.xctoolchain/usr/bin/ld'
LDFLAGS=''
LIBOBJS=''
LIBS=''
LIBTOOL='$(SHELL) $(top_builddir)/libtool'
LIPO='lipo'
LN_S='ln -s'
LTLIBOBJS=''
MAKEINFO='makeinfo'
MANIFEST_TOOL=':'
MKDIR_P='./install-sh -c -d'
NM='/usr/bin/nm -B'
NMEDIT='nmedit'
OBJDUMP='objdump'
OBJEXT='o'
OPTIONAL_BUILTIN_BSWAP_FALSE=''
OPTIONAL_BUILTIN_BSWAP_TRUE='#'
OPTIONAL_BUILTIN_EXPECT_FALSE=''
OPTIONAL_BUILTIN_EXPECT_TRUE='#'
OTOOL64=':'
OTOOL='otool'
PACKAGE='farmhash'
PACKAGE_BUGREPORT='farmhash-discuss@googlegroups.com'
PACKAGE_NAME='FarmHash'
PACKAGE_STRING='FarmHash 1.1.0'
PACKAGE_TARNAME='farmhash'
PACKAGE_URL=''
PACKAGE_VERSION='1.1.0'
PATH_SEPARATOR=':'
RANLIB='ranlib'
SED='/usr/bin/sed'
SET_MAKE=''
SHELL='/bin/sh'
STRIP='strip'
VERSION='1.1.0'
ac_ct_AR='ar'
ac_ct_CC='gcc'
ac_ct_CXX='g++'
ac_ct_DUMPBIN=''
am__EXEEXT_FALSE=''
am__EXEEXT_TRUE='#'
am__fastdepCC_FALSE='#'
am__fastdepCC_TRUE=''
am__fastdepCXX_FALSE='#'
am__fastdepCXX_TRUE=''
am__include='include'
am__isrc=''
am__leading_dot='.'
am__nodep='_no'
am__quote=''
am__tar='$${TAR-tar} chof - "$$tardir"'
am__untar='$${TAR-tar} xf -'
bindir='${exec_prefix}/bin'
build='x86_64-apple-darwin17.7.0'
build_alias=''
build_cpu='x86_64'
build_os='darwin17.7.0'
build_vendor='apple'
datadir='${datarootdir}'
datarootdir='${prefix}/share'
docdir='${datarootdir}/doc/${PACKAGE_TARNAME}'
dvidir='${docdir}'
exec_prefix='${prefix}'
host='x86_64-apple-darwin17.7.0'
host_alias=''
host_cpu='x86_64'
host_os='darwin17.7.0'
host_vendor='apple'
htmldir='${docdir}'
includedir='${prefix}/include'
infodir='${datarootdir}/info'
install_sh='${SHELL} //Users/ludovictheobald/Dash/Filter-Tester/farmhash-master/install-sh'
libdir='${exec_prefix}/lib'
libexecdir='${exec_prefix}/libexec'
localedir='${datarootdir}/locale'
localstatedir='${prefix}/var'
mandir='${datarootdir}/man'
mkdir_p='$(MKDIR_P)'
oldincludedir='/usr/include'
pdfdir='${docdir}'
prefix='/usr/local'
program_transform_name='s,x,x,'
psdir='${docdir}'
sbindir='${exec_prefix}/sbin'
sharedstatedir='${prefix}/com'
sysconfdir='${prefix}/etc'
target_alias=''

## ----------- ##
## confdefs.h. ##
## ----------- ##

/* confdefs.h */
#define PACKAGE_NAME "FarmHash"
#define PACKAGE_TARNAME "farmhash"
#define PACKAGE_VERSION "1.1.0"
#define PACKAGE_STRING "FarmHash 1.1.0"
#define PACKAGE_BUGREPORT "farmhash-discuss@googlegroups.com"
#define PACKAGE_URL ""
#define STDC_HEADERS 1
#define HAVE_SYS_TYPES_H 1
#define HAVE_SYS_STAT_H 1
#define HAVE_STDLIB_H 1
#define HAVE_STRING_H 1
#define HAVE_MEMORY_H 1
#define HAVE_STRINGS_H 1
#define HAVE_INTTYPES_H 1
#define HAVE_STDINT_H 1
#define HAVE_UNISTD_H 1
#define HAVE_DLFCN_H 1
#define LT_OBJDIR ".libs/"
#define HAVE_STDINT_H 1
#define HAVE_STDLIB_H 1
#define HAVE_BUILTIN_EXPECT 1
#define HAVE_BUILTIN_BSWAP 1

configure: exit 0
